<?xml version="1.0" encoding="UTF-8"?>
<testng-results ignored="0" total="2" passed="2" failed="0" skipped="0">
  <reporter-output>
  </reporter-output>
  <suite started-at="2021-02-23T13:01:38 GMT" name="MySuite" finished-at="2021-02-23T13:06:07 GMT" duration-ms="269133">
    <groups>
    </groups>
    <test started-at="2021-02-23T13:01:38 GMT" name="TestOne" finished-at="2021-02-23T13:02:34 GMT" duration-ms="56185">
      <class name="com.org.controller.BaseTest">
        <test-method is-config="true" signature="setUpWebDriver()[pri:0, instance:com.org.controller.BaseTest@3b0143d3]" started-at="2021-02-23T13:01:38 GMT" name="setUpWebDriver" finished-at="2021-02-23T13:02:10 GMT" duration-ms="32041" status="PASS">
          <reporter-output>
          </reporter-output>
        </test-method> <!-- setUpWebDriver -->
        <test-method is-config="true" signature="setReporter(java.lang.String, java.lang.String)[pri:0, instance:com.org.controller.BaseTest@3b0143d3]" started-at="2021-02-23T13:02:10 GMT" name="setReporter" finished-at="2021-02-23T13:02:12 GMT" duration-ms="1805" status="PASS">
          <params>
            <param index="0">
              <value>
                <![CDATA[TestOne]]>
              </value>
            </param>
            <param index="1">
              <value>
                <![CDATA[Test]]>
              </value>
            </param>
          </params>
          <reporter-output>
          </reporter-output>
        </test-method> <!-- setReporter -->
        <test-method signature="initiateCases(java.lang.String, java.lang.String)[pri:0, instance:com.org.controller.BaseTest@3b0143d3]" started-at="2021-02-23T13:02:12 GMT" name="initiateCases" description="Dynamic test Builder" finished-at="2021-02-23T13:02:32 GMT" duration-ms="19350" status="PASS">
          <params>
            <param index="0">
              <value>
                <![CDATA[TestOne]]>
              </value>
            </param>
            <param index="1">
              <value>
                <![CDATA[Test]]>
              </value>
            </param>
          </params>
          <reporter-output>
          </reporter-output>
        </test-method> <!-- initiateCases -->
        <test-method is-config="true" signature="releaseThreadsAndShutDown()[pri:0, instance:com.org.controller.BaseTest@3b0143d3]" started-at="2021-02-23T13:02:32 GMT" name="releaseThreadsAndShutDown" finished-at="2021-02-23T13:02:34 GMT" duration-ms="2744" status="PASS">
          <reporter-output>
          </reporter-output>
        </test-method> <!-- releaseThreadsAndShutDown -->
      </class> <!-- com.org.controller.BaseTest -->
    </test> <!-- TestOne -->
    <test started-at="2021-02-23T13:02:35 GMT" name="TestThree" finished-at="2021-02-23T13:06:07 GMT" duration-ms="212739">
      <class name="com.org.controller.BaseTest">
        <test-method is-config="true" signature="setUpWebDriver()[pri:0, instance:com.org.controller.BaseTest@6737fd8f]" started-at="2021-02-23T13:02:35 GMT" name="setUpWebDriver" finished-at="2021-02-23T13:05:05 GMT" duration-ms="150882" status="PASS">
          <reporter-output>
          </reporter-output>
        </test-method> <!-- setUpWebDriver -->
        <test-method is-config="true" signature="setReporter(java.lang.String, java.lang.String)[pri:0, instance:com.org.controller.BaseTest@6737fd8f]" started-at="2021-02-23T13:05:05 GMT" name="setReporter" finished-at="2021-02-23T13:05:06 GMT" duration-ms="94" status="PASS">
          <params>
            <param index="0">
              <value>
                <![CDATA[TestThree]]>
              </value>
            </param>
            <param index="1">
              <value>
                <![CDATA[Test]]>
              </value>
            </param>
          </params>
          <reporter-output>
          </reporter-output>
        </test-method> <!-- setReporter -->
        <test-method signature="initiateCases(java.lang.String, java.lang.String)[pri:0, instance:com.org.controller.BaseTest@6737fd8f]" started-at="2021-02-23T13:05:06 GMT" name="initiateCases" description="Dynamic test Builder" finished-at="2021-02-23T13:06:07 GMT" duration-ms="61162" status="PASS">
          <params>
            <param index="0">
              <value>
                <![CDATA[TestThree]]>
              </value>
            </param>
            <param index="1">
              <value>
                <![CDATA[Test]]>
              </value>
            </param>
          </params>
          <reporter-output>
          </reporter-output>
        </test-method> <!-- initiateCases -->
        <test-method is-config="true" signature="releaseThreadsAndShutDown()[pri:0, instance:com.org.controller.BaseTest@6737fd8f]" started-at="2021-02-23T13:06:07 GMT" name="releaseThreadsAndShutDown" finished-at="2021-02-23T13:06:07 GMT" duration-ms="458" status="PASS">
          <reporter-output>
          </reporter-output>
        </test-method> <!-- releaseThreadsAndShutDown -->
      </class> <!-- com.org.controller.BaseTest -->
    </test> <!-- TestThree -->
  </suite> <!-- MySuite -->
</testng-results>
